<?xml version="1.0" encoding="UTF-8"?>
<coverage generated="1649116117350" clover="3.2.0">
  <project timestamp="1649116117350" name="All files">
    <metrics statements="10" coveredstatements="10" conditionals="6" coveredconditionals="3" methods="0" coveredmethods="0" elements="16" coveredelements="13" complexity="0" loc="10" ncloc="10" packages="1" files="1" classes="1"/>
    <file name="config.js" path="/home/tetyana/Springboard/good-habits/habits-backend/config.js">
      <metrics statements="10" coveredstatements="10" conditionals="6" coveredconditionals="3" methods="0" coveredmethods="0"/>
      <line num="6" count="1" type="stmt"/>
      <line num="8" count="1" type="cond" truecount="1" falsecount="1"/>
      <line num="10" count="1" type="cond" truecount="1" falsecount="1"/>
      <line num="22" count="1" type="cond" truecount="1" falsecount="1"/>
      <line num="24" count="1" type="stmt"/>
      <line num="25" count="1" type="stmt"/>
      <line num="26" count="1" type="stmt"/>
      <line num="27" count="1" type="stmt"/>
      <line num="29" count="1" type="stmt"/>
      <line num="31" count="1" type="stmt"/>
    </file>
  </project>
</coverage>
