{"/home/tetyana/Springboard/good-habits/habits-backend/config.js": {"path":"/home/tetyana/Springboard/good-habits/habits-backend/config.js","statementMap":{"0":{"start":{"line":6,"column":0},"end":{"line":6,"column":18}},"1":{"start":{"line":8,"column":19},"end":{"line":8,"column":61}},"2":{"start":{"line":10,"column":13},"end":{"line":10,"column":38}},"3":{"start":{"line":22,"column":27},"end":{"line":22,"column":67}},"4":{"start":{"line":24,"column":0},"end":{"line":24,"column":41}},"5":{"start":{"line":25,"column":0},"end":{"line":25,"column":46}},"6":{"start":{"line":26,"column":0},"end":{"line":26,"column":45}},"7":{"start":{"line":27,"column":0},"end":{"line":27,"column":61}},"8":{"start":{"line":29,"column":0},"end":{"line":29,"column":19}},"9":{"start":{"line":31,"column":0},"end":{"line":36,"column":2}}},"fnMap":{},"branchMap":{"0":{"loc":{"start":{"line":8,"column":19},"end":{"line":8,"column":61}},"type":"binary-expr","locations":[{"start":{"line":8,"column":19},"end":{"line":8,"column":41}},{"start":{"line":8,"column":45},"end":{"line":8,"column":61}}],"line":8},"1":{"loc":{"start":{"line":10,"column":13},"end":{"line":10,"column":38}},"type":"binary-expr","locations":[{"start":{"line":10,"column":13},"end":{"line":10,"column":30}},{"start":{"line":10,"column":34},"end":{"line":10,"column":38}}],"line":10},"2":{"loc":{"start":{"line":22,"column":27},"end":{"line":22,"column":67}},"type":"cond-expr","locations":[{"start":{"line":22,"column":61},"end":{"line":22,"column":62}},{"start":{"line":22,"column":65},"end":{"line":22,"column":67}}],"line":22}},"s":{"0":1,"1":1,"2":1,"3":1,"4":1,"5":1,"6":1,"7":1,"8":1,"9":1},"f":{},"b":{"0":[1,0],"1":[1,0],"2":[0,1]},"_coverageSchema":"1a1c01bbd47fc00a2c39e90264f33305004495a9","hash":"24e8112bcb714c3879cb27315a99929fed955300"}
}
